<?xml version="1.0" encoding="UTF-8"?>
<testsuite xmlns:xsi="http://www.w3.org/2001/XMLSchema-instance" xsi:noNamespaceSchemaLocation="https://maven.apache.org/surefire/maven-surefire-plugin/xsd/surefire-test-report.xsd" name="com.porto.portal.test.WebApplicationTest" time="5.835" tests="1" errors="0" skipped="0" failures="0">
  <properties>
    <property name="sun.desktop" value="windows"/>
    <property name="awt.toolkit" value="sun.awt.windows.WToolkit"/>
    <property name="file.encoding.pkg" value="sun.io"/>
    <property name="java.specification.version" value="1.8"/>
    <property name="sun.cpu.isalist" value="amd64"/>
    <property name="sun.jnu.encoding" value="Cp1252"/>
    <property name="java.class.path" value="D:\Documents\workspaces\Porto\porto-kickoff-project\target\test-classes;D:\Documents\workspaces\Porto\porto-kickoff-project\target\classes;C:\Users\tiago.ribeiro\.m2\repository\org\springframework\boot\spring-boot-starter\2.1.4.RELEASE\spring-boot-starter-2.1.4.RELEASE.jar;C:\Users\tiago.ribeiro\.m2\repository\org\springframework\boot\spring-boot\2.1.4.RELEASE\spring-boot-2.1.4.RELEASE.jar;C:\Users\tiago.ribeiro\.m2\repository\org\springframework\spring-context\5.1.6.RELEASE\spring-context-5.1.6.RELEASE.jar;C:\Users\tiago.ribeiro\.m2\repository\org\springframework\boot\spring-boot-autoconfigure\2.1.4.RELEASE\spring-boot-autoconfigure-2.1.4.RELEASE.jar;C:\Users\tiago.ribeiro\.m2\repository\org\springframework\boot\spring-boot-starter-logging\2.1.4.RELEASE\spring-boot-starter-logging-2.1.4.RELEASE.jar;C:\Users\tiago.ribeiro\.m2\repository\ch\qos\logback\logback-classic\1.2.3\logback-classic-1.2.3.jar;C:\Users\tiago.ribeiro\.m2\repository\ch\qos\logback\logback-core\1.2.3\logback-core-1.2.3.jar;C:\Users\tiago.ribeiro\.m2\repository\org\apache\logging\log4j\log4j-to-slf4j\2.11.2\log4j-to-slf4j-2.11.2.jar;C:\Users\tiago.ribeiro\.m2\repository\org\slf4j\jul-to-slf4j\1.7.26\jul-to-slf4j-1.7.26.jar;C:\Users\tiago.ribeiro\.m2\repository\javax\annotation\javax.annotation-api\1.3.2\javax.annotation-api-1.3.2.jar;C:\Users\tiago.ribeiro\.m2\repository\org\springframework\spring-core\5.1.6.RELEASE\spring-core-5.1.6.RELEASE.jar;C:\Users\tiago.ribeiro\.m2\repository\org\springframework\spring-jcl\5.1.6.RELEASE\spring-jcl-5.1.6.RELEASE.jar;C:\Users\tiago.ribeiro\.m2\repository\org\yaml\snakeyaml\1.23\snakeyaml-1.23.jar;C:\Users\tiago.ribeiro\.m2\repository\javax\servlet\javax.servlet-api\4.0.1\javax.servlet-api-4.0.1.jar;C:\Users\tiago.ribeiro\.m2\repository\org\springframework\boot\spring-boot-starter-web\2.1.4.RELEASE\spring-boot-starter-web-2.1.4.RELEASE.jar;C:\Users\tiago.ribeiro\.m2\repository\org\springframework\boot\spring-boot-starter-json\2.1.4.RELEASE\spring-boot-starter-json-2.1.4.RELEASE.jar;C:\Users\tiago.ribeiro\.m2\repository\com\fasterxml\jackson\core\jackson-databind\2.9.8\jackson-databind-2.9.8.jar;C:\Users\tiago.ribeiro\.m2\repository\com\fasterxml\jackson\core\jackson-annotations\2.9.0\jackson-annotations-2.9.0.jar;C:\Users\tiago.ribeiro\.m2\repository\com\fasterxml\jackson\datatype\jackson-datatype-jdk8\2.9.8\jackson-datatype-jdk8-2.9.8.jar;C:\Users\tiago.ribeiro\.m2\repository\com\fasterxml\jackson\datatype\jackson-datatype-jsr310\2.9.8\jackson-datatype-jsr310-2.9.8.jar;C:\Users\tiago.ribeiro\.m2\repository\com\fasterxml\jackson\module\jackson-module-parameter-names\2.9.8\jackson-module-parameter-names-2.9.8.jar;C:\Users\tiago.ribeiro\.m2\repository\org\hibernate\validator\hibernate-validator\6.0.16.Final\hibernate-validator-6.0.16.Final.jar;C:\Users\tiago.ribeiro\.m2\repository\javax\validation\validation-api\2.0.1.Final\validation-api-2.0.1.Final.jar;C:\Users\tiago.ribeiro\.m2\repository\org\jboss\logging\jboss-logging\3.3.2.Final\jboss-logging-3.3.2.Final.jar;C:\Users\tiago.ribeiro\.m2\repository\com\fasterxml\classmate\1.4.0\classmate-1.4.0.jar;C:\Users\tiago.ribeiro\.m2\repository\org\springframework\spring-web\5.1.6.RELEASE\spring-web-5.1.6.RELEASE.jar;C:\Users\tiago.ribeiro\.m2\repository\org\springframework\spring-beans\5.1.6.RELEASE\spring-beans-5.1.6.RELEASE.jar;C:\Users\tiago.ribeiro\.m2\repository\org\springframework\spring-webmvc\5.1.6.RELEASE\spring-webmvc-5.1.6.RELEASE.jar;C:\Users\tiago.ribeiro\.m2\repository\org\springframework\spring-aop\5.1.6.RELEASE\spring-aop-5.1.6.RELEASE.jar;C:\Users\tiago.ribeiro\.m2\repository\org\springframework\spring-expression\5.1.6.RELEASE\spring-expression-5.1.6.RELEASE.jar;C:\Users\tiago.ribeiro\.m2\repository\org\springframework\boot\spring-boot-starter-actuator\2.1.4.RELEASE\spring-boot-starter-actuator-2.1.4.RELEASE.jar;C:\Users\tiago.ribeiro\.m2\repository\org\springframework\boot\spring-boot-actuator-autoconfigure\2.1.4.RELEASE\spring-boot-actuator-autoconfigure-2.1.4.RELEASE.jar;C:\Users\tiago.ribeiro\.m2\repository\org\springframework\boot\spring-boot-actuator\2.1.4.RELEASE\spring-boot-actuator-2.1.4.RELEASE.jar;C:\Users\tiago.ribeiro\.m2\repository\io\micrometer\micrometer-core\1.1.4\micrometer-core-1.1.4.jar;C:\Users\tiago.ribeiro\.m2\repository\org\hdrhistogram\HdrHistogram\2.1.9\HdrHistogram-2.1.9.jar;C:\Users\tiago.ribeiro\.m2\repository\org\latencyutils\LatencyUtils\2.0.3\LatencyUtils-2.0.3.jar;C:\Users\tiago.ribeiro\.m2\repository\org\springframework\boot\spring-boot-starter-data-elasticsearch\2.1.4.RELEASE\spring-boot-starter-data-elasticsearch-2.1.4.RELEASE.jar;C:\Users\tiago.ribeiro\.m2\repository\org\springframework\data\spring-data-elasticsearch\3.1.6.RELEASE\spring-data-elasticsearch-3.1.6.RELEASE.jar;C:\Users\tiago.ribeiro\.m2\repository\org\springframework\spring-tx\5.1.6.RELEASE\spring-tx-5.1.6.RELEASE.jar;C:\Users\tiago.ribeiro\.m2\repository\org\springframework\data\spring-data-commons\2.1.6.RELEASE\spring-data-commons-2.1.6.RELEASE.jar;C:\Users\tiago.ribeiro\.m2\repository\joda-time\joda-time\2.10.1\joda-time-2.10.1.jar;C:\Users\tiago.ribeiro\.m2\repository\org\elasticsearch\client\transport\6.4.3\transport-6.4.3.jar;C:\Users\tiago.ribeiro\.m2\repository\org\elasticsearch\elasticsearch\6.4.3\elasticsearch-6.4.3.jar;C:\Users\tiago.ribeiro\.m2\repository\org\elasticsearch\elasticsearch-core\6.4.3\elasticsearch-core-6.4.3.jar;C:\Users\tiago.ribeiro\.m2\repository\org\elasticsearch\elasticsearch-secure-sm\6.4.3\elasticsearch-secure-sm-6.4.3.jar;C:\Users\tiago.ribeiro\.m2\repository\org\elasticsearch\elasticsearch-x-content\6.4.3\elasticsearch-x-content-6.4.3.jar;C:\Users\tiago.ribeiro\.m2\repository\com\fasterxml\jackson\dataformat\jackson-dataformat-smile\2.9.8\jackson-dataformat-smile-2.9.8.jar;C:\Users\tiago.ribeiro\.m2\repository\com\fasterxml\jackson\dataformat\jackson-dataformat-yaml\2.9.8\jackson-dataformat-yaml-2.9.8.jar;C:\Users\tiago.ribeiro\.m2\repository\com\fasterxml\jackson\dataformat\jackson-dataformat-cbor\2.9.8\jackson-dataformat-cbor-2.9.8.jar;C:\Users\tiago.ribeiro\.m2\repository\org\apache\lucene\lucene-core\7.4.0\lucene-core-7.4.0.jar;C:\Users\tiago.ribeiro\.m2\repository\org\apache\lucene\lucene-analyzers-common\7.4.0\lucene-analyzers-common-7.4.0.jar;C:\Users\tiago.ribeiro\.m2\repository\org\apache\lucene\lucene-backward-codecs\7.4.0\lucene-backward-codecs-7.4.0.jar;C:\Users\tiago.ribeiro\.m2\repository\org\apache\lucene\lucene-grouping\7.4.0\lucene-grouping-7.4.0.jar;C:\Users\tiago.ribeiro\.m2\repository\org\apache\lucene\lucene-highlighter\7.4.0\lucene-highlighter-7.4.0.jar;C:\Users\tiago.ribeiro\.m2\repository\org\apache\lucene\lucene-join\7.4.0\lucene-join-7.4.0.jar;C:\Users\tiago.ribeiro\.m2\repository\org\apache\lucene\lucene-memory\7.4.0\lucene-memory-7.4.0.jar;C:\Users\tiago.ribeiro\.m2\repository\org\apache\lucene\lucene-misc\7.4.0\lucene-misc-7.4.0.jar;C:\Users\tiago.ribeiro\.m2\repository\org\apache\lucene\lucene-queries\7.4.0\lucene-queries-7.4.0.jar;C:\Users\tiago.ribeiro\.m2\repository\org\apache\lucene\lucene-queryparser\7.4.0\lucene-queryparser-7.4.0.jar;C:\Users\tiago.ribeiro\.m2\repository\org\apache\lucene\lucene-sandbox\7.4.0\lucene-sandbox-7.4.0.jar;C:\Users\tiago.ribeiro\.m2\repository\org\apache\lucene\lucene-spatial\7.4.0\lucene-spatial-7.4.0.jar;C:\Users\tiago.ribeiro\.m2\repository\org\apache\lucene\lucene-spatial-extras\7.4.0\lucene-spatial-extras-7.4.0.jar;C:\Users\tiago.ribeiro\.m2\repository\org\apache\lucene\lucene-spatial3d\7.4.0\lucene-spatial3d-7.4.0.jar;C:\Users\tiago.ribeiro\.m2\repository\org\apache\lucene\lucene-suggest\7.4.0\lucene-suggest-7.4.0.jar;C:\Users\tiago.ribeiro\.m2\repository\org\elasticsearch\elasticsearch-cli\6.4.3\elasticsearch-cli-6.4.3.jar;C:\Users\tiago.ribeiro\.m2\repository\net\sf\jopt-simple\jopt-simple\5.0.2\jopt-simple-5.0.2.jar;C:\Users\tiago.ribeiro\.m2\repository\com\carrotsearch\hppc\0.7.1\hppc-0.7.1.jar;C:\Users\tiago.ribeiro\.m2\repository\com\tdunning\t-digest\3.2\t-digest-3.2.jar;C:\Users\tiago.ribeiro\.m2\repository\org\elasticsearch\jna\4.5.1\jna-4.5.1.jar;C:\Users\tiago.ribeiro\.m2\repository\org\elasticsearch\plugin\reindex-client\6.4.3\reindex-client-6.4.3.jar;C:\Users\tiago.ribeiro\.m2\repository\org\elasticsearch\client\elasticsearch-rest-client\6.4.3\elasticsearch-rest-client-6.4.3.jar;C:\Users\tiago.ribeiro\.m2\repository\org\apache\httpcomponents\httpclient\4.5.8\httpclient-4.5.8.jar;C:\Users\tiago.ribeiro\.m2\repository\org\apache\httpcomponents\httpcore\4.4.11\httpcore-4.4.11.jar;C:\Users\tiago.ribeiro\.m2\repository\org\apache\httpcomponents\httpasyncclient\4.1.4\httpasyncclient-4.1.4.jar;C:\Users\tiago.ribeiro\.m2\repository\org\apache\httpcomponents\httpcore-nio\4.4.11\httpcore-nio-4.4.11.jar;C:\Users\tiago.ribeiro\.m2\repository\commons-codec\commons-codec\1.11\commons-codec-1.11.jar;C:\Users\tiago.ribeiro\.m2\repository\org\elasticsearch\plugin\lang-mustache-client\6.4.3\lang-mustache-client-6.4.3.jar;C:\Users\tiago.ribeiro\.m2\repository\com\github\spullara\mustache\java\compiler\0.9.3\compiler-0.9.3.jar;C:\Users\tiago.ribeiro\.m2\repository\org\elasticsearch\plugin\percolator-client\6.4.3\percolator-client-6.4.3.jar;C:\Users\tiago.ribeiro\.m2\repository\org\elasticsearch\plugin\parent-join-client\6.4.3\parent-join-client-6.4.3.jar;C:\Users\tiago.ribeiro\.m2\repository\org\elasticsearch\plugin\rank-eval-client\6.4.3\rank-eval-client-6.4.3.jar;C:\Users\tiago.ribeiro\.m2\repository\com\fasterxml\jackson\core\jackson-core\2.9.8\jackson-core-2.9.8.jar;C:\Users\tiago.ribeiro\.m2\repository\org\elasticsearch\plugin\transport-netty4-client\6.4.3\transport-netty4-client-6.4.3.jar;C:\Users\tiago.ribeiro\.m2\repository\io\netty\netty-buffer\4.1.34.Final\netty-buffer-4.1.34.Final.jar;C:\Users\tiago.ribeiro\.m2\repository\io\netty\netty-codec\4.1.34.Final\netty-codec-4.1.34.Final.jar;C:\Users\tiago.ribeiro\.m2\repository\io\netty\netty-codec-http\4.1.34.Final\netty-codec-http-4.1.34.Final.jar;C:\Users\tiago.ribeiro\.m2\repository\io\netty\netty-resolver\4.1.34.Final\netty-resolver-4.1.34.Final.jar;C:\Users\tiago.ribeiro\.m2\repository\org\slf4j\slf4j-api\1.7.26\slf4j-api-1.7.26.jar;C:\Users\tiago.ribeiro\.m2\repository\org\springframework\boot\spring-boot-starter-data-redis\2.1.4.RELEASE\spring-boot-starter-data-redis-2.1.4.RELEASE.jar;C:\Users\tiago.ribeiro\.m2\repository\org\springframework\data\spring-data-redis\2.1.6.RELEASE\spring-data-redis-2.1.6.RELEASE.jar;C:\Users\tiago.ribeiro\.m2\repository\org\springframework\data\spring-data-keyvalue\2.1.6.RELEASE\spring-data-keyvalue-2.1.6.RELEASE.jar;C:\Users\tiago.ribeiro\.m2\repository\org\springframework\spring-oxm\5.1.6.RELEASE\spring-oxm-5.1.6.RELEASE.jar;C:\Users\tiago.ribeiro\.m2\repository\org\springframework\spring-context-support\5.1.6.RELEASE\spring-context-support-5.1.6.RELEASE.jar;C:\Users\tiago.ribeiro\.m2\repository\io\lettuce\lettuce-core\5.1.6.RELEASE\lettuce-core-5.1.6.RELEASE.jar;C:\Users\tiago.ribeiro\.m2\repository\io\netty\netty-common\4.1.34.Final\netty-common-4.1.34.Final.jar;C:\Users\tiago.ribeiro\.m2\repository\io\netty\netty-handler\4.1.34.Final\netty-handler-4.1.34.Final.jar;C:\Users\tiago.ribeiro\.m2\repository\io\netty\netty-transport\4.1.34.Final\netty-transport-4.1.34.Final.jar;C:\Users\tiago.ribeiro\.m2\repository\org\apache\logging\log4j\log4j-api\2.11.2\log4j-api-2.11.2.jar;C:\Users\tiago.ribeiro\.m2\repository\org\apache\logging\log4j\log4j-core\2.11.2\log4j-core-2.11.2.jar;C:\Users\tiago.ribeiro\.m2\repository\org\springframework\boot\spring-boot-starter-undertow\2.1.4.RELEASE\spring-boot-starter-undertow-2.1.4.RELEASE.jar;C:\Users\tiago.ribeiro\.m2\repository\io\undertow\undertow-core\2.0.19.Final\undertow-core-2.0.19.Final.jar;C:\Users\tiago.ribeiro\.m2\repository\org\jboss\xnio\xnio-api\3.3.8.Final\xnio-api-3.3.8.Final.jar;C:\Users\tiago.ribeiro\.m2\repository\org\jboss\xnio\xnio-nio\3.3.8.Final\xnio-nio-3.3.8.Final.jar;C:\Users\tiago.ribeiro\.m2\repository\io\undertow\undertow-servlet\2.0.19.Final\undertow-servlet-2.0.19.Final.jar;C:\Users\tiago.ribeiro\.m2\repository\org\jboss\spec\javax\annotation\jboss-annotations-api_1.2_spec\1.0.2.Final\jboss-annotations-api_1.2_spec-1.0.2.Final.jar;C:\Users\tiago.ribeiro\.m2\repository\io\undertow\undertow-websockets-jsr\2.0.19.Final\undertow-websockets-jsr-2.0.19.Final.jar;C:\Users\tiago.ribeiro\.m2\repository\org\jboss\spec\javax\websocket\jboss-websocket-api_1.1_spec\1.1.3.Final\jboss-websocket-api_1.1_spec-1.1.3.Final.jar;C:\Users\tiago.ribeiro\.m2\repository\org\glassfish\javax.el\3.0.0\javax.el-3.0.0.jar;C:\Users\tiago.ribeiro\.m2\repository\org\springframework\boot\spring-boot-starter-webflux\2.1.4.RELEASE\spring-boot-starter-webflux-2.1.4.RELEASE.jar;C:\Users\tiago.ribeiro\.m2\repository\org\springframework\boot\spring-boot-starter-reactor-netty\2.1.4.RELEASE\spring-boot-starter-reactor-netty-2.1.4.RELEASE.jar;C:\Users\tiago.ribeiro\.m2\repository\io\projectreactor\netty\reactor-netty\0.8.6.RELEASE\reactor-netty-0.8.6.RELEASE.jar;C:\Users\tiago.ribeiro\.m2\repository\io\netty\netty-codec-http2\4.1.34.Final\netty-codec-http2-4.1.34.Final.jar;C:\Users\tiago.ribeiro\.m2\repository\io\netty\netty-handler-proxy\4.1.34.Final\netty-handler-proxy-4.1.34.Final.jar;C:\Users\tiago.ribeiro\.m2\repository\io\netty\netty-codec-socks\4.1.34.Final\netty-codec-socks-4.1.34.Final.jar;C:\Users\tiago.ribeiro\.m2\repository\io\netty\netty-transport-native-epoll\4.1.34.Final\netty-transport-native-epoll-4.1.34.Final-linux-x86_64.jar;C:\Users\tiago.ribeiro\.m2\repository\io\netty\netty-transport-native-unix-common\4.1.34.Final\netty-transport-native-unix-common-4.1.34.Final.jar;C:\Users\tiago.ribeiro\.m2\repository\org\springframework\spring-webflux\5.1.6.RELEASE\spring-webflux-5.1.6.RELEASE.jar;C:\Users\tiago.ribeiro\.m2\repository\org\synchronoss\cloud\nio-multipart-parser\1.1.0\nio-multipart-parser-1.1.0.jar;C:\Users\tiago.ribeiro\.m2\repository\org\synchronoss\cloud\nio-stream-storage\1.1.3\nio-stream-storage-1.1.3.jar;C:\Users\tiago.ribeiro\.m2\repository\org\projectlombok\lombok\1.18.6\lombok-1.18.6.jar;C:\Users\tiago.ribeiro\.m2\repository\org\springframework\boot\spring-boot-starter-test\2.1.4.RELEASE\spring-boot-starter-test-2.1.4.RELEASE.jar;C:\Users\tiago.ribeiro\.m2\repository\org\springframework\boot\spring-boot-test\2.1.4.RELEASE\spring-boot-test-2.1.4.RELEASE.jar;C:\Users\tiago.ribeiro\.m2\repository\org\springframework\boot\spring-boot-test-autoconfigure\2.1.4.RELEASE\spring-boot-test-autoconfigure-2.1.4.RELEASE.jar;C:\Users\tiago.ribeiro\.m2\repository\com\jayway\jsonpath\json-path\2.4.0\json-path-2.4.0.jar;C:\Users\tiago.ribeiro\.m2\repository\net\minidev\json-smart\2.3\json-smart-2.3.jar;C:\Users\tiago.ribeiro\.m2\repository\net\minidev\accessors-smart\1.2\accessors-smart-1.2.jar;C:\Users\tiago.ribeiro\.m2\repository\org\ow2\asm\asm\5.0.4\asm-5.0.4.jar;C:\Users\tiago.ribeiro\.m2\repository\junit\junit\4.12\junit-4.12.jar;C:\Users\tiago.ribeiro\.m2\repository\org\assertj\assertj-core\3.11.1\assertj-core-3.11.1.jar;C:\Users\tiago.ribeiro\.m2\repository\org\mockito\mockito-core\2.23.4\mockito-core-2.23.4.jar;C:\Users\tiago.ribeiro\.m2\repository\net\bytebuddy\byte-buddy\1.9.12\byte-buddy-1.9.12.jar;C:\Users\tiago.ribeiro\.m2\repository\net\bytebuddy\byte-buddy-agent\1.9.12\byte-buddy-agent-1.9.12.jar;C:\Users\tiago.ribeiro\.m2\repository\org\objenesis\objenesis\2.6\objenesis-2.6.jar;C:\Users\tiago.ribeiro\.m2\repository\org\hamcrest\hamcrest-core\1.3\hamcrest-core-1.3.jar;C:\Users\tiago.ribeiro\.m2\repository\org\hamcrest\hamcrest-library\1.3\hamcrest-library-1.3.jar;C:\Users\tiago.ribeiro\.m2\repository\org\skyscreamer\jsonassert\1.5.0\jsonassert-1.5.0.jar;C:\Users\tiago.ribeiro\.m2\repository\com\vaadin\external\google\android-json\0.0.20131108.vaadin1\android-json-0.0.20131108.vaadin1.jar;C:\Users\tiago.ribeiro\.m2\repository\org\springframework\spring-test\5.1.6.RELEASE\spring-test-5.1.6.RELEASE.jar;C:\Users\tiago.ribeiro\.m2\repository\org\xmlunit\xmlunit-core\2.6.2\xmlunit-core-2.6.2.jar;C:\Users\tiago.ribeiro\.m2\repository\io\projectreactor\reactor-test\3.2.8.RELEASE\reactor-test-3.2.8.RELEASE.jar;C:\Users\tiago.ribeiro\.m2\repository\io\projectreactor\reactor-core\3.2.8.RELEASE\reactor-core-3.2.8.RELEASE.jar;C:\Users\tiago.ribeiro\.m2\repository\org\reactivestreams\reactive-streams\1.0.2\reactive-streams-1.0.2.jar;"/>
    <property name="java.vm.vendor" value="Oracle Corporation"/>
    <property name="sun.arch.data.model" value="64"/>
    <property name="user.variant" value=""/>
    <property name="java.vendor.url" value="http://java.oracle.com/"/>
    <property name="user.timezone" value="America/Cayenne"/>
    <property name="java.vm.specification.version" value="1.8"/>
    <property name="os.name" value="Windows 10"/>
    <property name="user.country" value="US"/>
    <property name="sun.java.launcher" value="SUN_STANDARD"/>
    <property name="sun.boot.library.path" value="C:\Program Files\Java\jdk1.8.0_191\jre\bin"/>
    <property name="sun.java.command" value="C:\Users\TIAGO~1.RIB\AppData\Local\Temp\surefire4062140465040036444\surefirebooter5468992010628891306.jar C:\Users\tiago.ribeiro\AppData\Local\Temp\surefire4062140465040036444 2019-05-08T15-35-01_056-jvmRun1 surefire7404733667035211989tmp surefire_04857900586178312709tmp"/>
    <property name="surefire.test.class.path" value="D:\Documents\workspaces\Porto\porto-kickoff-project\target\test-classes;D:\Documents\workspaces\Porto\porto-kickoff-project\target\classes;C:\Users\tiago.ribeiro\.m2\repository\org\springframework\boot\spring-boot-starter\2.1.4.RELEASE\spring-boot-starter-2.1.4.RELEASE.jar;C:\Users\tiago.ribeiro\.m2\repository\org\springframework\boot\spring-boot\2.1.4.RELEASE\spring-boot-2.1.4.RELEASE.jar;C:\Users\tiago.ribeiro\.m2\repository\org\springframework\spring-context\5.1.6.RELEASE\spring-context-5.1.6.RELEASE.jar;C:\Users\tiago.ribeiro\.m2\repository\org\springframework\boot\spring-boot-autoconfigure\2.1.4.RELEASE\spring-boot-autoconfigure-2.1.4.RELEASE.jar;C:\Users\tiago.ribeiro\.m2\repository\org\springframework\boot\spring-boot-starter-logging\2.1.4.RELEASE\spring-boot-starter-logging-2.1.4.RELEASE.jar;C:\Users\tiago.ribeiro\.m2\repository\ch\qos\logback\logback-classic\1.2.3\logback-classic-1.2.3.jar;C:\Users\tiago.ribeiro\.m2\repository\ch\qos\logback\logback-core\1.2.3\logback-core-1.2.3.jar;C:\Users\tiago.ribeiro\.m2\repository\org\apache\logging\log4j\log4j-to-slf4j\2.11.2\log4j-to-slf4j-2.11.2.jar;C:\Users\tiago.ribeiro\.m2\repository\org\slf4j\jul-to-slf4j\1.7.26\jul-to-slf4j-1.7.26.jar;C:\Users\tiago.ribeiro\.m2\repository\javax\annotation\javax.annotation-api\1.3.2\javax.annotation-api-1.3.2.jar;C:\Users\tiago.ribeiro\.m2\repository\org\springframework\spring-core\5.1.6.RELEASE\spring-core-5.1.6.RELEASE.jar;C:\Users\tiago.ribeiro\.m2\repository\org\springframework\spring-jcl\5.1.6.RELEASE\spring-jcl-5.1.6.RELEASE.jar;C:\Users\tiago.ribeiro\.m2\repository\org\yaml\snakeyaml\1.23\snakeyaml-1.23.jar;C:\Users\tiago.ribeiro\.m2\repository\javax\servlet\javax.servlet-api\4.0.1\javax.servlet-api-4.0.1.jar;C:\Users\tiago.ribeiro\.m2\repository\org\springframework\boot\spring-boot-starter-web\2.1.4.RELEASE\spring-boot-starter-web-2.1.4.RELEASE.jar;C:\Users\tiago.ribeiro\.m2\repository\org\springframework\boot\spring-boot-starter-json\2.1.4.RELEASE\spring-boot-starter-json-2.1.4.RELEASE.jar;C:\Users\tiago.ribeiro\.m2\repository\com\fasterxml\jackson\core\jackson-databind\2.9.8\jackson-databind-2.9.8.jar;C:\Users\tiago.ribeiro\.m2\repository\com\fasterxml\jackson\core\jackson-annotations\2.9.0\jackson-annotations-2.9.0.jar;C:\Users\tiago.ribeiro\.m2\repository\com\fasterxml\jackson\datatype\jackson-datatype-jdk8\2.9.8\jackson-datatype-jdk8-2.9.8.jar;C:\Users\tiago.ribeiro\.m2\repository\com\fasterxml\jackson\datatype\jackson-datatype-jsr310\2.9.8\jackson-datatype-jsr310-2.9.8.jar;C:\Users\tiago.ribeiro\.m2\repository\com\fasterxml\jackson\module\jackson-module-parameter-names\2.9.8\jackson-module-parameter-names-2.9.8.jar;C:\Users\tiago.ribeiro\.m2\repository\org\hibernate\validator\hibernate-validator\6.0.16.Final\hibernate-validator-6.0.16.Final.jar;C:\Users\tiago.ribeiro\.m2\repository\javax\validation\validation-api\2.0.1.Final\validation-api-2.0.1.Final.jar;C:\Users\tiago.ribeiro\.m2\repository\org\jboss\logging\jboss-logging\3.3.2.Final\jboss-logging-3.3.2.Final.jar;C:\Users\tiago.ribeiro\.m2\repository\com\fasterxml\classmate\1.4.0\classmate-1.4.0.jar;C:\Users\tiago.ribeiro\.m2\repository\org\springframework\spring-web\5.1.6.RELEASE\spring-web-5.1.6.RELEASE.jar;C:\Users\tiago.ribeiro\.m2\repository\org\springframework\spring-beans\5.1.6.RELEASE\spring-beans-5.1.6.RELEASE.jar;C:\Users\tiago.ribeiro\.m2\repository\org\springframework\spring-webmvc\5.1.6.RELEASE\spring-webmvc-5.1.6.RELEASE.jar;C:\Users\tiago.ribeiro\.m2\repository\org\springframework\spring-aop\5.1.6.RELEASE\spring-aop-5.1.6.RELEASE.jar;C:\Users\tiago.ribeiro\.m2\repository\org\springframework\spring-expression\5.1.6.RELEASE\spring-expression-5.1.6.RELEASE.jar;C:\Users\tiago.ribeiro\.m2\repository\org\springframework\boot\spring-boot-starter-actuator\2.1.4.RELEASE\spring-boot-starter-actuator-2.1.4.RELEASE.jar;C:\Users\tiago.ribeiro\.m2\repository\org\springframework\boot\spring-boot-actuator-autoconfigure\2.1.4.RELEASE\spring-boot-actuator-autoconfigure-2.1.4.RELEASE.jar;C:\Users\tiago.ribeiro\.m2\repository\org\springframework\boot\spring-boot-actuator\2.1.4.RELEASE\spring-boot-actuator-2.1.4.RELEASE.jar;C:\Users\tiago.ribeiro\.m2\repository\io\micrometer\micrometer-core\1.1.4\micrometer-core-1.1.4.jar;C:\Users\tiago.ribeiro\.m2\repository\org\hdrhistogram\HdrHistogram\2.1.9\HdrHistogram-2.1.9.jar;C:\Users\tiago.ribeiro\.m2\repository\org\latencyutils\LatencyUtils\2.0.3\LatencyUtils-2.0.3.jar;C:\Users\tiago.ribeiro\.m2\repository\org\springframework\boot\spring-boot-starter-data-elasticsearch\2.1.4.RELEASE\spring-boot-starter-data-elasticsearch-2.1.4.RELEASE.jar;C:\Users\tiago.ribeiro\.m2\repository\org\springframework\data\spring-data-elasticsearch\3.1.6.RELEASE\spring-data-elasticsearch-3.1.6.RELEASE.jar;C:\Users\tiago.ribeiro\.m2\repository\org\springframework\spring-tx\5.1.6.RELEASE\spring-tx-5.1.6.RELEASE.jar;C:\Users\tiago.ribeiro\.m2\repository\org\springframework\data\spring-data-commons\2.1.6.RELEASE\spring-data-commons-2.1.6.RELEASE.jar;C:\Users\tiago.ribeiro\.m2\repository\joda-time\joda-time\2.10.1\joda-time-2.10.1.jar;C:\Users\tiago.ribeiro\.m2\repository\org\elasticsearch\client\transport\6.4.3\transport-6.4.3.jar;C:\Users\tiago.ribeiro\.m2\repository\org\elasticsearch\elasticsearch\6.4.3\elasticsearch-6.4.3.jar;C:\Users\tiago.ribeiro\.m2\repository\org\elasticsearch\elasticsearch-core\6.4.3\elasticsearch-core-6.4.3.jar;C:\Users\tiago.ribeiro\.m2\repository\org\elasticsearch\elasticsearch-secure-sm\6.4.3\elasticsearch-secure-sm-6.4.3.jar;C:\Users\tiago.ribeiro\.m2\repository\org\elasticsearch\elasticsearch-x-content\6.4.3\elasticsearch-x-content-6.4.3.jar;C:\Users\tiago.ribeiro\.m2\repository\com\fasterxml\jackson\dataformat\jackson-dataformat-smile\2.9.8\jackson-dataformat-smile-2.9.8.jar;C:\Users\tiago.ribeiro\.m2\repository\com\fasterxml\jackson\dataformat\jackson-dataformat-yaml\2.9.8\jackson-dataformat-yaml-2.9.8.jar;C:\Users\tiago.ribeiro\.m2\repository\com\fasterxml\jackson\dataformat\jackson-dataformat-cbor\2.9.8\jackson-dataformat-cbor-2.9.8.jar;C:\Users\tiago.ribeiro\.m2\repository\org\apache\lucene\lucene-core\7.4.0\lucene-core-7.4.0.jar;C:\Users\tiago.ribeiro\.m2\repository\org\apache\lucene\lucene-analyzers-common\7.4.0\lucene-analyzers-common-7.4.0.jar;C:\Users\tiago.ribeiro\.m2\repository\org\apache\lucene\lucene-backward-codecs\7.4.0\lucene-backward-codecs-7.4.0.jar;C:\Users\tiago.ribeiro\.m2\repository\org\apache\lucene\lucene-grouping\7.4.0\lucene-grouping-7.4.0.jar;C:\Users\tiago.ribeiro\.m2\repository\org\apache\lucene\lucene-highlighter\7.4.0\lucene-highlighter-7.4.0.jar;C:\Users\tiago.ribeiro\.m2\repository\org\apache\lucene\lucene-join\7.4.0\lucene-join-7.4.0.jar;C:\Users\tiago.ribeiro\.m2\repository\org\apache\lucene\lucene-memory\7.4.0\lucene-memory-7.4.0.jar;C:\Users\tiago.ribeiro\.m2\repository\org\apache\lucene\lucene-misc\7.4.0\lucene-misc-7.4.0.jar;C:\Users\tiago.ribeiro\.m2\repository\org\apache\lucene\lucene-queries\7.4.0\lucene-queries-7.4.0.jar;C:\Users\tiago.ribeiro\.m2\repository\org\apache\lucene\lucene-queryparser\7.4.0\lucene-queryparser-7.4.0.jar;C:\Users\tiago.ribeiro\.m2\repository\org\apache\lucene\lucene-sandbox\7.4.0\lucene-sandbox-7.4.0.jar;C:\Users\tiago.ribeiro\.m2\repository\org\apache\lucene\lucene-spatial\7.4.0\lucene-spatial-7.4.0.jar;C:\Users\tiago.ribeiro\.m2\repository\org\apache\lucene\lucene-spatial-extras\7.4.0\lucene-spatial-extras-7.4.0.jar;C:\Users\tiago.ribeiro\.m2\repository\org\apache\lucene\lucene-spatial3d\7.4.0\lucene-spatial3d-7.4.0.jar;C:\Users\tiago.ribeiro\.m2\repository\org\apache\lucene\lucene-suggest\7.4.0\lucene-suggest-7.4.0.jar;C:\Users\tiago.ribeiro\.m2\repository\org\elasticsearch\elasticsearch-cli\6.4.3\elasticsearch-cli-6.4.3.jar;C:\Users\tiago.ribeiro\.m2\repository\net\sf\jopt-simple\jopt-simple\5.0.2\jopt-simple-5.0.2.jar;C:\Users\tiago.ribeiro\.m2\repository\com\carrotsearch\hppc\0.7.1\hppc-0.7.1.jar;C:\Users\tiago.ribeiro\.m2\repository\com\tdunning\t-digest\3.2\t-digest-3.2.jar;C:\Users\tiago.ribeiro\.m2\repository\org\elasticsearch\jna\4.5.1\jna-4.5.1.jar;C:\Users\tiago.ribeiro\.m2\repository\org\elasticsearch\plugin\reindex-client\6.4.3\reindex-client-6.4.3.jar;C:\Users\tiago.ribeiro\.m2\repository\org\elasticsearch\client\elasticsearch-rest-client\6.4.3\elasticsearch-rest-client-6.4.3.jar;C:\Users\tiago.ribeiro\.m2\repository\org\apache\httpcomponents\httpclient\4.5.8\httpclient-4.5.8.jar;C:\Users\tiago.ribeiro\.m2\repository\org\apache\httpcomponents\httpcore\4.4.11\httpcore-4.4.11.jar;C:\Users\tiago.ribeiro\.m2\repository\org\apache\httpcomponents\httpasyncclient\4.1.4\httpasyncclient-4.1.4.jar;C:\Users\tiago.ribeiro\.m2\repository\org\apache\httpcomponents\httpcore-nio\4.4.11\httpcore-nio-4.4.11.jar;C:\Users\tiago.ribeiro\.m2\repository\commons-codec\commons-codec\1.11\commons-codec-1.11.jar;C:\Users\tiago.ribeiro\.m2\repository\org\elasticsearch\plugin\lang-mustache-client\6.4.3\lang-mustache-client-6.4.3.jar;C:\Users\tiago.ribeiro\.m2\repository\com\github\spullara\mustache\java\compiler\0.9.3\compiler-0.9.3.jar;C:\Users\tiago.ribeiro\.m2\repository\org\elasticsearch\plugin\percolator-client\6.4.3\percolator-client-6.4.3.jar;C:\Users\tiago.ribeiro\.m2\repository\org\elasticsearch\plugin\parent-join-client\6.4.3\parent-join-client-6.4.3.jar;C:\Users\tiago.ribeiro\.m2\repository\org\elasticsearch\plugin\rank-eval-client\6.4.3\rank-eval-client-6.4.3.jar;C:\Users\tiago.ribeiro\.m2\repository\com\fasterxml\jackson\core\jackson-core\2.9.8\jackson-core-2.9.8.jar;C:\Users\tiago.ribeiro\.m2\repository\org\elasticsearch\plugin\transport-netty4-client\6.4.3\transport-netty4-client-6.4.3.jar;C:\Users\tiago.ribeiro\.m2\repository\io\netty\netty-buffer\4.1.34.Final\netty-buffer-4.1.34.Final.jar;C:\Users\tiago.ribeiro\.m2\repository\io\netty\netty-codec\4.1.34.Final\netty-codec-4.1.34.Final.jar;C:\Users\tiago.ribeiro\.m2\repository\io\netty\netty-codec-http\4.1.34.Final\netty-codec-http-4.1.34.Final.jar;C:\Users\tiago.ribeiro\.m2\repository\io\netty\netty-resolver\4.1.34.Final\netty-resolver-4.1.34.Final.jar;C:\Users\tiago.ribeiro\.m2\repository\org\slf4j\slf4j-api\1.7.26\slf4j-api-1.7.26.jar;C:\Users\tiago.ribeiro\.m2\repository\org\springframework\boot\spring-boot-starter-data-redis\2.1.4.RELEASE\spring-boot-starter-data-redis-2.1.4.RELEASE.jar;C:\Users\tiago.ribeiro\.m2\repository\org\springframework\data\spring-data-redis\2.1.6.RELEASE\spring-data-redis-2.1.6.RELEASE.jar;C:\Users\tiago.ribeiro\.m2\repository\org\springframework\data\spring-data-keyvalue\2.1.6.RELEASE\spring-data-keyvalue-2.1.6.RELEASE.jar;C:\Users\tiago.ribeiro\.m2\repository\org\springframework\spring-oxm\5.1.6.RELEASE\spring-oxm-5.1.6.RELEASE.jar;C:\Users\tiago.ribeiro\.m2\repository\org\springframework\spring-context-support\5.1.6.RELEASE\spring-context-support-5.1.6.RELEASE.jar;C:\Users\tiago.ribeiro\.m2\repository\io\lettuce\lettuce-core\5.1.6.RELEASE\lettuce-core-5.1.6.RELEASE.jar;C:\Users\tiago.ribeiro\.m2\repository\io\netty\netty-common\4.1.34.Final\netty-common-4.1.34.Final.jar;C:\Users\tiago.ribeiro\.m2\repository\io\netty\netty-handler\4.1.34.Final\netty-handler-4.1.34.Final.jar;C:\Users\tiago.ribeiro\.m2\repository\io\netty\netty-transport\4.1.34.Final\netty-transport-4.1.34.Final.jar;C:\Users\tiago.ribeiro\.m2\repository\org\apache\logging\log4j\log4j-api\2.11.2\log4j-api-2.11.2.jar;C:\Users\tiago.ribeiro\.m2\repository\org\apache\logging\log4j\log4j-core\2.11.2\log4j-core-2.11.2.jar;C:\Users\tiago.ribeiro\.m2\repository\org\springframework\boot\spring-boot-starter-undertow\2.1.4.RELEASE\spring-boot-starter-undertow-2.1.4.RELEASE.jar;C:\Users\tiago.ribeiro\.m2\repository\io\undertow\undertow-core\2.0.19.Final\undertow-core-2.0.19.Final.jar;C:\Users\tiago.ribeiro\.m2\repository\org\jboss\xnio\xnio-api\3.3.8.Final\xnio-api-3.3.8.Final.jar;C:\Users\tiago.ribeiro\.m2\repository\org\jboss\xnio\xnio-nio\3.3.8.Final\xnio-nio-3.3.8.Final.jar;C:\Users\tiago.ribeiro\.m2\repository\io\undertow\undertow-servlet\2.0.19.Final\undertow-servlet-2.0.19.Final.jar;C:\Users\tiago.ribeiro\.m2\repository\org\jboss\spec\javax\annotation\jboss-annotations-api_1.2_spec\1.0.2.Final\jboss-annotations-api_1.2_spec-1.0.2.Final.jar;C:\Users\tiago.ribeiro\.m2\repository\io\undertow\undertow-websockets-jsr\2.0.19.Final\undertow-websockets-jsr-2.0.19.Final.jar;C:\Users\tiago.ribeiro\.m2\repository\org\jboss\spec\javax\websocket\jboss-websocket-api_1.1_spec\1.1.3.Final\jboss-websocket-api_1.1_spec-1.1.3.Final.jar;C:\Users\tiago.ribeiro\.m2\repository\org\glassfish\javax.el\3.0.0\javax.el-3.0.0.jar;C:\Users\tiago.ribeiro\.m2\repository\org\springframework\boot\spring-boot-starter-webflux\2.1.4.RELEASE\spring-boot-starter-webflux-2.1.4.RELEASE.jar;C:\Users\tiago.ribeiro\.m2\repository\org\springframework\boot\spring-boot-starter-reactor-netty\2.1.4.RELEASE\spring-boot-starter-reactor-netty-2.1.4.RELEASE.jar;C:\Users\tiago.ribeiro\.m2\repository\io\projectreactor\netty\reactor-netty\0.8.6.RELEASE\reactor-netty-0.8.6.RELEASE.jar;C:\Users\tiago.ribeiro\.m2\repository\io\netty\netty-codec-http2\4.1.34.Final\netty-codec-http2-4.1.34.Final.jar;C:\Users\tiago.ribeiro\.m2\repository\io\netty\netty-handler-proxy\4.1.34.Final\netty-handler-proxy-4.1.34.Final.jar;C:\Users\tiago.ribeiro\.m2\repository\io\netty\netty-codec-socks\4.1.34.Final\netty-codec-socks-4.1.34.Final.jar;C:\Users\tiago.ribeiro\.m2\repository\io\netty\netty-transport-native-epoll\4.1.34.Final\netty-transport-native-epoll-4.1.34.Final-linux-x86_64.jar;C:\Users\tiago.ribeiro\.m2\repository\io\netty\netty-transport-native-unix-common\4.1.34.Final\netty-transport-native-unix-common-4.1.34.Final.jar;C:\Users\tiago.ribeiro\.m2\repository\org\springframework\spring-webflux\5.1.6.RELEASE\spring-webflux-5.1.6.RELEASE.jar;C:\Users\tiago.ribeiro\.m2\repository\org\synchronoss\cloud\nio-multipart-parser\1.1.0\nio-multipart-parser-1.1.0.jar;C:\Users\tiago.ribeiro\.m2\repository\org\synchronoss\cloud\nio-stream-storage\1.1.3\nio-stream-storage-1.1.3.jar;C:\Users\tiago.ribeiro\.m2\repository\org\projectlombok\lombok\1.18.6\lombok-1.18.6.jar;C:\Users\tiago.ribeiro\.m2\repository\org\springframework\boot\spring-boot-starter-test\2.1.4.RELEASE\spring-boot-starter-test-2.1.4.RELEASE.jar;C:\Users\tiago.ribeiro\.m2\repository\org\springframework\boot\spring-boot-test\2.1.4.RELEASE\spring-boot-test-2.1.4.RELEASE.jar;C:\Users\tiago.ribeiro\.m2\repository\org\springframework\boot\spring-boot-test-autoconfigure\2.1.4.RELEASE\spring-boot-test-autoconfigure-2.1.4.RELEASE.jar;C:\Users\tiago.ribeiro\.m2\repository\com\jayway\jsonpath\json-path\2.4.0\json-path-2.4.0.jar;C:\Users\tiago.ribeiro\.m2\repository\net\minidev\json-smart\2.3\json-smart-2.3.jar;C:\Users\tiago.ribeiro\.m2\repository\net\minidev\accessors-smart\1.2\accessors-smart-1.2.jar;C:\Users\tiago.ribeiro\.m2\repository\org\ow2\asm\asm\5.0.4\asm-5.0.4.jar;C:\Users\tiago.ribeiro\.m2\repository\junit\junit\4.12\junit-4.12.jar;C:\Users\tiago.ribeiro\.m2\repository\org\assertj\assertj-core\3.11.1\assertj-core-3.11.1.jar;C:\Users\tiago.ribeiro\.m2\repository\org\mockito\mockito-core\2.23.4\mockito-core-2.23.4.jar;C:\Users\tiago.ribeiro\.m2\repository\net\bytebuddy\byte-buddy\1.9.12\byte-buddy-1.9.12.jar;C:\Users\tiago.ribeiro\.m2\repository\net\bytebuddy\byte-buddy-agent\1.9.12\byte-buddy-agent-1.9.12.jar;C:\Users\tiago.ribeiro\.m2\repository\org\objenesis\objenesis\2.6\objenesis-2.6.jar;C:\Users\tiago.ribeiro\.m2\repository\org\hamcrest\hamcrest-core\1.3\hamcrest-core-1.3.jar;C:\Users\tiago.ribeiro\.m2\repository\org\hamcrest\hamcrest-library\1.3\hamcrest-library-1.3.jar;C:\Users\tiago.ribeiro\.m2\repository\org\skyscreamer\jsonassert\1.5.0\jsonassert-1.5.0.jar;C:\Users\tiago.ribeiro\.m2\repository\com\vaadin\external\google\android-json\0.0.20131108.vaadin1\android-json-0.0.20131108.vaadin1.jar;C:\Users\tiago.ribeiro\.m2\repository\org\springframework\spring-test\5.1.6.RELEASE\spring-test-5.1.6.RELEASE.jar;C:\Users\tiago.ribeiro\.m2\repository\org\xmlunit\xmlunit-core\2.6.2\xmlunit-core-2.6.2.jar;C:\Users\tiago.ribeiro\.m2\repository\io\projectreactor\reactor-test\3.2.8.RELEASE\reactor-test-3.2.8.RELEASE.jar;C:\Users\tiago.ribeiro\.m2\repository\io\projectreactor\reactor-core\3.2.8.RELEASE\reactor-core-3.2.8.RELEASE.jar;C:\Users\tiago.ribeiro\.m2\repository\org\reactivestreams\reactive-streams\1.0.2\reactive-streams-1.0.2.jar;"/>
    <property name="sun.cpu.endian" value="little"/>
    <property name="user.home" value="C:\Users\tiago.ribeiro"/>
    <property name="user.language" value="en"/>
    <property name="java.specification.vendor" value="Oracle Corporation"/>
    <property name="java.home" value="C:\Program Files\Java\jdk1.8.0_191\jre"/>
    <property name="basedir" value="D:\Documents\workspaces\Porto\porto-kickoff-project"/>
    <property name="file.separator" value="\"/>
    <property name="line.separator" value="&#10;"/>
    <property name="java.vm.specification.vendor" value="Oracle Corporation"/>
    <property name="java.specification.name" value="Java Platform API Specification"/>
    <property name="java.awt.graphicsenv" value="sun.awt.Win32GraphicsEnvironment"/>
    <property name="surefire.real.class.path" value="C:\Users\TIAGO~1.RIB\AppData\Local\Temp\surefire4062140465040036444\surefirebooter5468992010628891306.jar"/>
    <property name="sun.boot.class.path" value="C:\Program Files\Java\jdk1.8.0_191\jre\lib\resources.jar;C:\Program Files\Java\jdk1.8.0_191\jre\lib\rt.jar;C:\Program Files\Java\jdk1.8.0_191\jre\lib\sunrsasign.jar;C:\Program Files\Java\jdk1.8.0_191\jre\lib\jsse.jar;C:\Program Files\Java\jdk1.8.0_191\jre\lib\jce.jar;C:\Program Files\Java\jdk1.8.0_191\jre\lib\charsets.jar;C:\Program Files\Java\jdk1.8.0_191\jre\lib\jfr.jar;C:\Program Files\Java\jdk1.8.0_191\jre\classes"/>
    <property name="user.script" value=""/>
    <property name="sun.management.compiler" value="HotSpot 64-Bit Tiered Compilers"/>
    <property name="java.runtime.version" value="1.8.0_191-b12"/>
    <property name="user.name" value="tiago.ribeiro"/>
    <property name="path.separator" value=";"/>
    <property name="os.version" value="10.0"/>
    <property name="java.endorsed.dirs" value="C:\Program Files\Java\jdk1.8.0_191\jre\lib\endorsed"/>
    <property name="java.runtime.name" value="Java(TM) SE Runtime Environment"/>
    <property name="file.encoding" value="Cp1252"/>
    <property name="java.vm.name" value="Java HotSpot(TM) 64-Bit Server VM"/>
    <property name="localRepository" value="C:\Users\tiago.ribeiro\.m2\repository"/>
    <property name="java.vendor.url.bug" value="http://bugreport.sun.com/bugreport/"/>
    <property name="java.io.tmpdir" value="C:\Users\TIAGO~1.RIB\AppData\Local\Temp\"/>
    <property name="java.version" value="1.8.0_191"/>
    <property name="user.dir" value="D:\Documents\workspaces\Porto\porto-kickoff-project"/>
    <property name="os.arch" value="amd64"/>
    <property name="java.vm.specification.name" value="Java Virtual Machine Specification"/>
    <property name="java.awt.printerjob" value="sun.awt.windows.WPrinterJob"/>
    <property name="sun.os.patch.level" value=""/>
    <property name="java.library.path" value="C:\Program Files\Java\jdk1.8.0_191\jre\bin;C:\Windows\Sun\Java\bin;C:\Windows\system32;C:\Windows;C:\Users\tiago.ribeiro\bin;C:\Program Files\Git\mingw64\bin;C:\Program Files\Git\usr\local\bin;C:\Program Files\Git\usr\bin;C:\Program Files\Git\usr\bin;C:\Program Files\Git\mingw64\bin;C:\Program Files\Git\usr\bin;C:\Users\tiago.ribeiro\bin;C:\Program Files\Java\jdk1.8.0_191\bin;C:\Program Files (x86)\Intel\iCLS Client;C:\Program Files\Intel\iCLS Client;C:\Windows\system32;C:\Windows;C:\Windows\System32\Wbem;C:\Windows\System32\WindowsPowerShell\v1.0;C:\Windows\System32\OpenSSH;C:\Program Files (x86)\NVIDIA Corporation\PhysX\Common;C:\Program Files (x86)\Intel\Intel(R) Management Engine Components\DAL;C:\Program Files\Intel\Intel(R) Management Engine Components\DAL;C:\Program Files (x86)\Intel\Intel(R) Management Engine Components\IPT;C:\Program Files\Intel\Intel(R) Management Engine Components\IPT;C:\Program Files\nodejs;C:\Program Files\Git\cmd;D:\Documents\apache-maven-3.5.4\bin;C:\Program Files (x86)\Common Files\Oracle\Java\javapath;C:\Program Files\TortoiseSVN\bin;D:\oracle\instantclient_18_5;C:\Program Files\Google\Hangouts Plugin for Microsoft Outlook;C:\Program Files\Java\jdk1.8.0_191\bin;C:\Users\tiago.ribeiro\AppData\Roaming\npm;D:\Documents\apache-maven-3.5.4\bin;C:\Users\tiago.ribeiro\AppData\Local\Programs\Microsoft VS Code\bin;C:\Users\tiago.ribeiro\AppData\Local\Microsoft\WindowsApps;C:\Program Files\Git\usr\bin\vendor_perl;C:\Program Files\Git\usr\bin\core_perl;."/>
    <property name="java.vm.info" value="mixed mode"/>
    <property name="java.vendor" value="Oracle Corporation"/>
    <property name="java.vm.version" value="25.191-b12"/>
    <property name="java.ext.dirs" value="C:\Program Files\Java\jdk1.8.0_191\jre\lib\ext;C:\Windows\Sun\Java\lib\ext"/>
    <property name="sun.io.unicode.encoding" value="UnicodeLittle"/>
    <property name="java.class.version" value="52.0"/>
  </properties>
  <testcase name="contextLoads" classname="com.porto.portal.test.WebApplicationTest" time="0.28"/>
</testsuite>